# JRE version: OpenJDK Runtime Environment Temurin-17.0.9+9 (17.0.9+9) (build 17.0.9+9)
# Java VM: OpenJDK 64-Bit Server VM Temurin-17.0.9+9 (17.0.9+9, mixed mode, tiered, compressed oops, compressed class ptrs, parallel gc, windows-amd64)
GC Precious Log:
 CPUs: 8 total, 8 available
 Memory: 7948M
 Large Page Support: Disabled
 NUMA Support: Disabled
 Compressed Oops: Enabled (32-bit)
 Alignments: Space 512K, Generation 512K, Heap 2M
 Heap Min Capacity: 100M
 Heap Initial Capacity: 100M
 Heap Max Capacity: 1G
 Pre-touch: Disabled
 Parallel Workers: 8
Heap:
 PSYoungGen      total 22528K, used 4894K [0x00000000eab00000, 0x00000000ec300000, 0x0000000100000000)
  eden space 20480K, 15% used [0x00000000eab00000,0x00000000eae122a8,0x00000000ebf00000)
  from space 2048K, 85% used [0x00000000ec100000,0x00000000ec2b5728,0x00000000ec300000)
  to   space 2048K, 0% used [0x00000000ebf00000,0x00000000ebf00000,0x00000000ec100000)
 ParOldGen       total 68608K, used 34453K [0x00000000c0000000, 0x00000000c4300000, 0x00000000eab00000)
  object space 68608K, 50% used [0x00000000c0000000,0x00000000c21a5470,0x00000000c4300000)
 Metaspace       used 63738K, committed 64832K, reserved 1114112K
  class space    used 6767K, committed 7232K, reserved 1048576K
GC Heap History (20 events):
Event: 18.726 GC heap before
{Heap before GC invocations=23 (full 2):
 PSYoungGen      total 22528K, used 22400K [0x00000000eab00000, 0x00000000ec400000, 0x0000000100000000)
  eden space 20480K, 100% used [0x00000000eab00000,0x00000000ebf00000,0x00000000ebf00000)
  from space 2048K, 93% used [0x00000000ec200000,0x00000000ec3e0000,0x00000000ec400000)
  to   space 2560K, 0% used [0x00000000ebf00000,0x00000000ebf00000,0x00000000ec180000)
 ParOldGen       total 68608K, used 26432K [0x00000000c0000000, 0x00000000c4300000, 0x00000000eab00000)
  object space 68608K, 38% used [0x00000000c0000000,0x00000000c19d0168,0x00000000c4300000)
 Metaspace       used 51479K, committed 52352K, reserved 1114112K
  class space    used 5570K, committed 5952K, reserved 1048576K
}
Event: 18.732 GC heap after
{Heap after GC invocations=23 (full 2):
 PSYoungGen      total 23040K, used 2176K [0x00000000eab00000, 0x00000000ec400000, 0x0000000100000000)
  eden space 20480K, 0% used [0x00000000eab00000,0x00000000eab00000,0x00000000ebf00000)
  from space 2560K, 85% used [0x00000000ebf00000,0x00000000ec120010,0x00000000ec180000)
  to   space 2560K, 0% used [0x00000000ec180000,0x00000000ec180000,0x00000000ec400000)
 ParOldGen       total 68608K, used 28280K [0x00000000c0000000, 0x00000000c4300000, 0x00000000eab00000)
  object space 68608K, 41% used [0x00000000c0000000,0x00000000c1b9e168,0x00000000c4300000)
 Metaspace       used 51479K, committed 52352K, reserved 1114112K
  class space    used 5570K, committed 5952K, reserved 1048576K
}
Event: 18.810 GC heap before
{Heap before GC invocations=24 (full 2):
 PSYoungGen      total 23040K, used 22656K [0x00000000eab00000, 0x00000000ec400000, 0x0000000100000000)
  eden space 20480K, 100% used [0x00000000eab00000,0x00000000ebf00000,0x00000000ebf00000)
  from space 2560K, 85% used [0x00000000ebf00000,0x00000000ec120010,0x00000000ec180000)
  to   space 2560K, 0% used [0x00000000ec180000,0x00000000ec180000,0x00000000ec400000)
 ParOldGen       total 68608K, used 28280K [0x00000000c0000000, 0x00000000c4300000, 0x00000000eab00000)
  object space 68608K, 41% used [0x00000000c0000000,0x00000000c1b9e168,0x00000000c4300000)
 Metaspace       used 51479K, committed 52352K, reserved 1114112K
  class space    used 5570K, committed 5952K, reserved 1048576K
}
Event: 18.814 GC heap after
{Heap after GC invocations=24 (full 2):
 PSYoungGen      total 22528K, used 1792K [0x00000000eab00000, 0x00000000ec380000, 0x0000000100000000)
  eden space 20480K, 0% used [0x00000000eab00000,0x00000000eab00000,0x00000000ebf00000)
  from space 2048K, 87% used [0x00000000ec180000,0x00000000ec340000,0x00000000ec380000)
  to   space 2048K, 0% used [0x00000000ebf80000,0x00000000ebf80000,0x00000000ec180000)
 ParOldGen       total 68608K, used 30376K [0x00000000c0000000, 0x00000000c4300000, 0x00000000eab00000)
  object space 68608K, 44% used [0x00000000c0000000,0x00000000c1daa178,0x00000000c4300000)
 Metaspace       used 51479K, committed 52352K, reserved 1114112K
  class space    used 5570K, committed 5952K, reserved 1048576K
}
Event: 20.158 GC heap before
{Heap before GC invocations=25 (full 2):
 PSYoungGen      total 22528K, used 22272K [0x00000000eab00000, 0x00000000ec380000, 0x0000000100000000)
  eden space 20480K, 100% used [0x00000000eab00000,0x00000000ebf00000,0x00000000ebf00000)
  from space 2048K, 87% used [0x00000000ec180000,0x00000000ec340000,0x00000000ec380000)
  to   space 2048K, 0% used [0x00000000ebf80000,0x00000000ebf80000,0x00000000ec180000)
 ParOldGen       total 68608K, used 30376K [0x00000000c0000000, 0x00000000c4300000, 0x00000000eab00000)
  object space 68608K, 44% used [0x00000000c0000000,0x00000000c1daa178,0x00000000c4300000)
 Metaspace       used 51800K, committed 52800K, reserved 1114112K
  class space    used 5587K, committed 6016K, reserved 1048576K
}
Event: 20.160 GC heap after
{Heap after GC invocations=25 (full 2):
 PSYoungGen      total 22016K, used 1120K [0x00000000eab00000, 0x00000000ec200000, 0x0000000100000000)
  eden space 20480K, 0% used [0x00000000eab00000,0x00000000eab00000,0x00000000ebf00000)
  from space 1536K, 72% used [0x00000000ebf80000,0x00000000ec098000,0x00000000ec100000)
  to   space 1024K, 0% used [0x00000000ec100000,0x00000000ec100000,0x00000000ec200000)
 ParOldGen       total 68608K, used 32022K [0x00000000c0000000, 0x00000000c4300000, 0x00000000eab00000)
  object space 68608K, 46% used [0x00000000c0000000,0x00000000c1f459f8,0x00000000c4300000)
 Metaspace       used 51800K, committed 52800K, reserved 1114112K
  class space    used 5587K, committed 6016K, reserved 1048576K
}
Event: 20.678 GC heap before
{Heap before GC invocations=26 (full 2):
 PSYoungGen      total 22016K, used 21600K [0x00000000eab00000, 0x00000000ec200000, 0x0000000100000000)
  eden space 20480K, 100% used [0x00000000eab00000,0x00000000ebf00000,0x00000000ebf00000)
  from space 1536K, 72% used [0x00000000ebf80000,0x00000000ec098000,0x00000000ec100000)
  to   space 1024K, 0% used [0x00000000ec100000,0x00000000ec100000,0x00000000ec200000)
 ParOldGen       total 68608K, used 32022K [0x00000000c0000000, 0x00000000c4300000, 0x00000000eab00000)
  object space 68608K, 46% used [0x00000000c0000000,0x00000000c1f459f8,0x00000000c4300000)
 Metaspace       used 54045K, committed 54976K, reserved 1114112K
  class space    used 5822K, committed 6208K, reserved 1048576K
}
Event: 20.680 GC heap after
{Heap after GC invocations=26 (full 2):
 PSYoungGen      total 21504K, used 679K [0x00000000eab00000, 0x00000000ec200000, 0x0000000100000000)
  eden space 20480K, 0% used [0x00000000eab00000,0x00000000eab00000,0x00000000ebf00000)
  from space 1024K, 66% used [0x00000000ec100000,0x00000000ec1a9d28,0x00000000ec200000)
  to   space 1024K, 0% used [0x00000000ec000000,0x00000000ec000000,0x00000000ec100000)
 ParOldGen       total 68608K, used 33070K [0x00000000c0000000, 0x00000000c4300000, 0x00000000eab00000)
  object space 68608K, 48% used [0x00000000c0000000,0x00000000c204b9f8,0x00000000c4300000)
 Metaspace       used 54045K, committed 54976K, reserved 1114112K
  class space    used 5822K, committed 6208K, reserved 1048576K
}
Event: 21.172 GC heap before
{Heap before GC invocations=27 (full 2):
 PSYoungGen      total 21504K, used 21159K [0x00000000eab00000, 0x00000000ec200000, 0x0000000100000000)
  eden space 20480K, 100% used [0x00000000eab00000,0x00000000ebf00000,0x00000000ebf00000)
  from space 1024K, 66% used [0x00000000ec100000,0x00000000ec1a9d28,0x00000000ec200000)
  to   space 1024K, 0% used [0x00000000ec000000,0x00000000ec000000,0x00000000ec100000)
 ParOldGen       total 68608K, used 33070K [0x00000000c0000000, 0x00000000c4300000, 0x00000000eab00000)
  object space 68608K, 48% used [0x00000000c0000000,0x00000000c204b9f8,0x00000000c4300000)
 Metaspace       used 54913K, committed 55872K, reserved 1114112K
  class space    used 5933K, committed 6336K, reserved 1048576K
}
Event: 21.173 GC heap after
{Heap after GC invocations=27 (full 2):
 PSYoungGen      total 21504K, used 352K [0x00000000eab00000, 0x00000000ec180000, 0x0000000100000000)
  eden space 20480K, 0% used [0x00000000eab00000,0x00000000eab00000,0x00000000ebf00000)
  from space 1024K, 34% used [0x00000000ec000000,0x00000000ec058000,0x00000000ec100000)
  to   space 512K, 0% used [0x00000000ec100000,0x00000000ec100000,0x00000000ec180000)
 ParOldGen       total 68608K, used 33684K [0x00000000c0000000, 0x00000000c4300000, 0x00000000eab00000)
  object space 68608K, 49% used [0x00000000c0000000,0x00000000c20e53f0,0x00000000c4300000)
 Metaspace       used 54913K, committed 55872K, reserved 1114112K
  class space    used 5933K, committed 6336K, reserved 1048576K
}
Event: 21.339 GC heap before
{Heap before GC invocations=28 (full 2):
 PSYoungGen      total 21504K, used 20815K [0x00000000eab00000, 0x00000000ec180000, 0x0000000100000000)
  eden space 20480K, 99% used [0x00000000eab00000,0x00000000ebefbcc0,0x00000000ebf00000)
  from space 1024K, 34% used [0x00000000ec000000,0x00000000ec058000,0x00000000ec100000)
  to   space 512K, 0% used [0x00000000ec100000,0x00000000ec100000,0x00000000ec180000)
 ParOldGen       total 68608K, used 33684K [0x00000000c0000000, 0x00000000c4300000, 0x00000000eab00000)
  object space 68608K, 49% used [0x00000000c0000000,0x00000000c20e53f0,0x00000000c4300000)
 Metaspace       used 55623K, committed 56576K, reserved 1114112K
  class space    used 5985K, committed 6400K, reserved 1048576K
}
Event: 21.342 GC heap after
{Heap after GC invocations=28 (full 2):
 PSYoungGen      total 20992K, used 501K [0x00000000eab00000, 0x00000000ec200000, 0x0000000100000000)
  eden space 20480K, 0% used [0x00000000eab00000,0x00000000eab00000,0x00000000ebf00000)
  from space 512K, 98% used [0x00000000ec100000,0x00000000ec17d748,0x00000000ec180000)
  to   space 1536K, 0% used [0x00000000ebf00000,0x00000000ebf00000,0x00000000ec080000)
 ParOldGen       total 68608K, used 34303K [0x00000000c0000000, 0x00000000c4300000, 0x00000000eab00000)
  object space 68608K, 49% used [0x00000000c0000000,0x00000000c217ff10,0x00000000c4300000)
 Metaspace       used 55623K, committed 56576K, reserved 1114112K
  class space    used 5985K, committed 6400K, reserved 1048576K
}
Event: 21.446 GC heap before
{Heap before GC invocations=29 (full 2):
 PSYoungGen      total 20992K, used 20981K [0x00000000eab00000, 0x00000000ec200000, 0x0000000100000000)
  eden space 20480K, 100% used [0x00000000eab00000,0x00000000ebf00000,0x00000000ebf00000)
  from space 512K, 98% used [0x00000000ec100000,0x00000000ec17d748,0x00000000ec180000)
  to   space 1536K, 0% used [0x00000000ebf00000,0x00000000ebf00000,0x00000000ec080000)
 ParOldGen       total 68608K, used 34303K [0x00000000c0000000, 0x00000000c4300000, 0x00000000eab00000)
  object space 68608K, 49% used [0x00000000c0000000,0x00000000c217ff10,0x00000000c4300000)
 Metaspace       used 56079K, committed 57024K, reserved 1114112K
  class space    used 6022K, committed 6400K, reserved 1048576K
}
Event: 21.446 GC heap after
{Heap after GC invocations=29 (full 2):
 PSYoungGen      total 22016K, used 192K [0x00000000eab00000, 0x00000000ec180000, 0x0000000100000000)
  eden space 20480K, 0% used [0x00000000eab00000,0x00000000eab00000,0x00000000ebf00000)
  from space 1536K, 12% used [0x00000000ebf00000,0x00000000ebf30000,0x00000000ec080000)
  to   space 1024K, 0% used [0x00000000ec080000,0x00000000ec080000,0x00000000ec180000)
 ParOldGen       total 68608K, used 34415K [0x00000000c0000000, 0x00000000c4300000, 0x00000000eab00000)
  object space 68608K, 50% used [0x00000000c0000000,0x00000000c219bf10,0x00000000c4300000)
 Metaspace       used 56079K, committed 57024K, reserved 1114112K
  class space    used 6022K, committed 6400K, reserved 1048576K
}
Event: 22.053 GC heap before
{Heap before GC invocations=30 (full 2):
 PSYoungGen      total 22016K, used 18311K [0x00000000eab00000, 0x00000000ec180000, 0x0000000100000000)
  eden space 20480K, 88% used [0x00000000eab00000,0x00000000ebcb1cc0,0x00000000ebf00000)
  from space 1536K, 12% used [0x00000000ebf00000,0x00000000ebf30000,0x00000000ec080000)
  to   space 1024K, 0% used [0x00000000ec080000,0x00000000ec080000,0x00000000ec180000)
 ParOldGen       total 68608K, used 34415K [0x00000000c0000000, 0x00000000c4300000, 0x00000000eab00000)
  object space 68608K, 50% used [0x00000000c0000000,0x00000000c219bf10,0x00000000c4300000)
 Metaspace       used 58774K, committed 59776K, reserved 1114112K
  class space    used 6300K, committed 6720K, reserved 1048576K
}
Event: 22.054 GC heap after
{Heap after GC invocations=30 (full 2):
 PSYoungGen      total 21504K, used 761K [0x00000000eab00000, 0x00000000ec180000, 0x0000000100000000)
  eden space 20480K, 0% used [0x00000000eab00000,0x00000000eab00000,0x00000000ebf00000)
  from space 1024K, 74% used [0x00000000ec080000,0x00000000ec13e758,0x00000000ec180000)
  to   space 1024K, 0% used [0x00000000ebf80000,0x00000000ebf80000,0x00000000ec080000)
 ParOldGen       total 68608K, used 34455K [0x00000000c0000000, 0x00000000c4300000, 0x00000000eab00000)
  object space 68608K, 50% used [0x00000000c0000000,0x00000000c21a5f10,0x00000000c4300000)
 Metaspace       used 58774K, committed 59776K, reserved 1114112K
  class space    used 6300K, committed 6720K, reserved 1048576K
}
Event: 22.054 GC heap before
{Heap before GC invocations=31 (full 3):
 PSYoungGen      total 21504K, used 761K [0x00000000eab00000, 0x00000000ec180000, 0x0000000100000000)
  eden space 20480K, 0% used [0x00000000eab00000,0x00000000eab00000,0x00000000ebf00000)
  from space 1024K, 74% used [0x00000000ec080000,0x00000000ec13e758,0x00000000ec180000)
  to   space 1024K, 0% used [0x00000000ebf80000,0x00000000ebf80000,0x00000000ec080000)
 ParOldGen       total 68608K, used 34455K [0x00000000c0000000, 0x00000000c4300000, 0x00000000eab00000)
  object space 68608K, 50% used [0x00000000c0000000,0x00000000c21a5f10,0x00000000c4300000)
 Metaspace       used 58774K, committed 59776K, reserved 1114112K
  class space    used 6300K, committed 6720K, reserved 1048576K
}
Event: 22.146 GC heap after
{Heap after GC invocations=31 (full 3):
 PSYoungGen      total 21504K, used 0K [0x00000000eab00000, 0x00000000ec180000, 0x0000000100000000)
  eden space 20480K, 0% used [0x00000000eab00000,0x00000000eab00000,0x00000000ebf00000)
  from space 1024K, 0% used [0x00000000ec080000,0x00000000ec080000,0x00000000ec180000)
  to   space 1024K, 0% used [0x00000000ebf80000,0x00000000ebf80000,0x00000000ec080000)
 ParOldGen       total 68608K, used 32969K [0x00000000c0000000, 0x00000000c4300000, 0x00000000eab00000)
  object space 68608K, 48% used [0x00000000c0000000,0x00000000c2032660,0x00000000c4300000)
 Metaspace       used 58774K, committed 59776K, reserved 1114112K
  class space    used 6300K, committed 6720K, reserved 1048576K
}
Event: 22.626 GC heap before
{Heap before GC invocations=32 (full 3):
 PSYoungGen      total 21504K, used 20480K [0x00000000eab00000, 0x00000000ec180000, 0x0000000100000000)
  eden space 20480K, 100% used [0x00000000eab00000,0x00000000ebf00000,0x00000000ebf00000)
  from space 1024K, 0% used [0x00000000ec080000,0x00000000ec080000,0x00000000ec180000)
  to   space 1024K, 0% used [0x00000000ebf80000,0x00000000ebf80000,0x00000000ec080000)
 ParOldGen       total 68608K, used 32969K [0x00000000c0000000, 0x00000000c4300000, 0x00000000eab00000)
  object space 68608K, 48% used [0x00000000c0000000,0x00000000c2032660,0x00000000c4300000)
 Metaspace       used 61384K, committed 62528K, reserved 1114112K
  class space    used 6538K, committed 7040K, reserved 1048576K
}
Event: 22.629 GC heap after
{Heap after GC invocations=32 (full 3):
 PSYoungGen      total 21504K, used 995K [0x00000000eab00000, 0x00000000ec300000, 0x0000000100000000)
  eden space 20480K, 0% used [0x00000000eab00000,0x00000000eab00000,0x00000000ebf00000)
  from space 1024K, 97% used [0x00000000ebf80000,0x00000000ec078dc8,0x00000000ec080000)
  to   space 2048K, 0% used [0x00000000ec100000,0x00000000ec100000,0x00000000ec300000)
 ParOldGen       total 68608K, used 33489K [0x00000000c0000000, 0x00000000c4300000, 0x00000000eab00000)
  object space 68608K, 48% used [0x00000000c0000000,0x00000000c20b4498,0x00000000c4300000)
 Metaspace       used 61384K, committed 62528K, reserved 1114112K
  class space    used 6538K, committed 7040K, reserved 1048576K
}

